#
# There is insufficient memory for the Java Runtime Environment to continue.
# Native memory allocation (mmap) failed to map 199229440 bytes for G1 virtual space
# Possible reasons:
#   The system is out of physical RAM or swap space
#   The process is running with CompressedOops enabled, and the Java Heap may be blocking the growth of the native heap
# Possible solutions:
#   Reduce memory load on the system
#   Increase physical memory or swap space
#   Check if swap backing store is full
#   Decrease Java heap size (-Xmx/-Xms)
#   Decrease number of Java threads
#   Decrease Java thread stack sizes (-Xss)
#   Set larger code cache with -XX:ReservedCodeCacheSize=
#   JVM is running with Zero Based Compressed Oops mode in which the Java heap is
#     placed in the first 32GB address space. The Java Heap base address is the
#     maximum limit for the native heap growth. Please use -XX:HeapBaseMinAddress
#     to set the Java Heap base and to place the Java Heap above 32GB virtual address.
# This output file may be truncated or incomplete.
#
#  Out of Memory Error (os_windows.cpp:3541), pid=14948, tid=13724
#
# JRE version:  (17.0.5+9) (build )
# Java VM: Java HotSpot(TM) 64-Bit Server VM (17.0.5+9-LTS-191, mixed mode, sharing, tiered, compressed oops, compressed class ptrs, g1 gc, windows-amd64)
# No core dump will be written. Minidumps are not enabled by default on client versions of Windows
#

---------------  S U M M A R Y ------------

Command Line: -Dfile.encoding=UTF-8 -XX:+ShowCodeDetailsInExceptionMessages com.springboot.CRUD.CrudApplication

Host: Intel(R) Core(TM) i5-8500 CPU @ 3.00GHz, 6 cores, 11G,  Windows 10 , 64 bit Build 19041 (10.0.19041.2788)
Time: Tue May  2 18:20:33 2023 India Standard Time elapsed time: 0.009103 seconds (0d 0h 0m 0s)

---------------  T H R E A D  ---------------

Current thread (0x0000020d31173340):  JavaThread "Unknown thread" [_thread_in_vm, id=13724, stack(0x0000009ea3f00000,0x0000009ea4000000)]

Stack: [0x0000009ea3f00000,0x0000009ea4000000]
Native frames: (J=compiled Java code, j=interpreted, Vv=VM code, C=native code)
V  [jvm.dll+0x672eea]
V  [jvm.dll+0x7d2a04]
V  [jvm.dll+0x7d41ae]
V  [jvm.dll+0x7d4813]
V  [jvm.dll+0x242c15]
V  [jvm.dll+0x66fe09]
V  [jvm.dll+0x664682]
V  [jvm.dll+0x300e8b]
V  [jvm.dll+0x308426]
V  [jvm.dll+0x357ffe]
V  [jvm.dll+0x35822f]
V  [jvm.dll+0x2d80a8]
V  [jvm.dll+0x2d9014]
V  [jvm.dll+0x7a44e1]
V  [jvm.dll+0x365df1]
V  [jvm.dll+0x7838fc]
V  [jvm.dll+0x3e873f]
V  [jvm.dll+0x3ea1e1]
C  [jli.dll+0x527b]
C  [ucrtbase.dll+0x21bb2]
C  [KERNEL32.DLL+0x17604]
C  [ntdll.dll+0x526a1]


---------------  P R O C E S S  ---------------

Threads class SMR info:
_java_thread_list=0x00007ffce150a8d8, length=0, elements={
}

Java Threads: ( => current thread )

Other Threads:
  0x0000020d311cc160 GCTaskThread "GC Thread#0" [stack: 0x0000009ea4000000,0x0000009ea4100000] [id=7120]
  0x0000020d311da830 ConcurrentGCThread "G1 Main Marker" [stack: 0x0000009ea4100000,0x0000009ea4200000] [id=16984]
  0x0000020d311db150 ConcurrentGCThread "G1 Conc#0" [stack: 0x0000009ea4200000,0x0000009ea4300000] [id=15132]

[error occurred during error reporting (printing all threads), id 0xc0000005, EXCEPTION_ACCESS_VIOLATION (0xc0000005) at pc=0x00007ffce0d58a97]

VM state: not at safepoint (not fully initialized)

VM Mutex/Monitor currently owned by a thread:  ([mutex/lock_event])
[0x0000020d3116e5e0] Heap_lock - owner thread: 0x0000020d31173340

Heap address: 0x0000000743200000, size: 3022 MB, Compressed Oops mode: Zero based, Oop shift amount: 3

CDS archive(s) mapped at: [0x0000000000000000-0x0000000000000000-0x0000000000000000), size 0, SharedBaseAddress: 0x0000000800000000, ArchiveRelocationMode: 0.
Narrow klass base: 0x0000000000000000, Narrow klass shift: 0, Narrow klass range: 0x0

GC Precious Log:
<Empty>

Heap:
 garbage-first heap   total 0K, used 0K [0x0000000743200000, 0x0000000800000000)
  region size 2048K, 0 young (0K), 0 survivors (0K)

[error occurred during error reporting (printing heap information), id 0xc0000005, EXCEPTION_ACCESS_VIOLATION (0xc0000005) at pc=0x00007ffce113c399]

GC Heap History (0 events):
No events

Deoptimization events (0 events):
No events

Classes unloaded (0 events):
No events

Classes redefined (0 events):
No events

Internal exceptions (0 events):
No events

VM Operations (0 events):
No events

Events (1 events):
Event: 0.006 Loaded shared library C:\Program Files\Java\jdk-17.0.5\bin\java.dll


Dynamic libraries:
0x00007ff7af250000 - 0x00007ff7af260000 	C:\Program Files\Java\jdk-17.0.5\bin\javaw.exe
0x00007ffd40cf0000 - 0x00007ffd40ee8000 	C:\WINDOWS\SYSTEM32\ntdll.dll
0x00007ffd3f180000 - 0x00007ffd3f23f000 	C:\WINDOWS\System32\KERNEL32.DLL
0x00007ffd3e4a0000 - 0x00007ffd3e77a000 	C:\WINDOWS\System32\KERNELBASE.dll
0x00007ffd3eaf0000 - 0x00007ffd3ebf0000 	C:\WINDOWS\System32\ucrtbase.dll
0x00007ffcfc8e0000 - 0x00007ffcfc8fa000 	C:\Program Files\Java\jdk-17.0.5\bin\VCRUNTIME140.dll
0x00007ffcfc900000 - 0x00007ffcfc918000 	C:\Program Files\Java\jdk-17.0.5\bin\jli.dll
0x00007ffd40c00000 - 0x00007ffd40cae000 	C:\WINDOWS\System32\ADVAPI32.dll
0x00007ffd3ee00000 - 0x00007ffd3ee9e000 	C:\WINDOWS\System32\msvcrt.dll
0x00007ffd40790000 - 0x00007ffd4082c000 	C:\WINDOWS\System32\sechost.dll
0x00007ffd3fd30000 - 0x00007ffd3fe56000 	C:\WINDOWS\System32\RPCRT4.dll
0x00007ffd3eeb0000 - 0x00007ffd3f04d000 	C:\WINDOWS\System32\USER32.dll
0x00007ffd3e8d0000 - 0x00007ffd3e8f2000 	C:\WINDOWS\System32\win32u.dll
0x00007ffd1bdc0000 - 0x00007ffd1c05a000 	C:\WINDOWS\WinSxS\amd64_microsoft.windows.common-controls_6595b64144ccf1df_6.0.19041.1110_none_60b5254171f9507e\COMCTL32.dll
0x00007ffd3f880000 - 0x00007ffd3f8ab000 	C:\WINDOWS\System32\GDI32.dll
0x00007ffd3e9e0000 - 0x00007ffd3eaf0000 	C:\WINDOWS\System32\gdi32full.dll
0x00007ffd3e400000 - 0x00007ffd3e49d000 	C:\WINDOWS\System32\msvcp_win.dll
0x00007ffd38b00000 - 0x00007ffd38b0a000 	C:\WINDOWS\SYSTEM32\VERSION.dll
0x00007ffd3f850000 - 0x00007ffd3f880000 	C:\WINDOWS\System32\IMM32.DLL
0x00007ffd1ca30000 - 0x00007ffd1ca3c000 	C:\Program Files\Java\jdk-17.0.5\bin\vcruntime140_1.dll
0x00007ffcfc850000 - 0x00007ffcfc8dd000 	C:\Program Files\Java\jdk-17.0.5\bin\msvcp140.dll
0x00007ffce0a70000 - 0x00007ffce1632000 	C:\Program Files\Java\jdk-17.0.5\bin\server\jvm.dll
0x00007ffd3fe60000 - 0x00007ffd3fe68000 	C:\WINDOWS\System32\PSAPI.DLL
0x00007ffcfc840000 - 0x00007ffcfc849000 	C:\WINDOWS\SYSTEM32\WSOCK32.dll
0x00007ffd2dac0000 - 0x00007ffd2dae7000 	C:\WINDOWS\SYSTEM32\WINMM.dll
0x00007ffd40830000 - 0x00007ffd4089b000 	C:\WINDOWS\System32\WS2_32.dll
0x00007ffd3c070000 - 0x00007ffd3c082000 	C:\WINDOWS\SYSTEM32\kernel.appcore.dll
0x00007ffcfc830000 - 0x00007ffcfc83a000 	C:\Program Files\Java\jdk-17.0.5\bin\jimage.dll
0x00007ffd2c060000 - 0x00007ffd2c244000 	C:\WINDOWS\SYSTEM32\DBGHELP.DLL
0x00007ffd2b9b0000 - 0x00007ffd2b9e4000 	C:\WINDOWS\SYSTEM32\dbgcore.DLL
0x00007ffd3e900000 - 0x00007ffd3e982000 	C:\WINDOWS\System32\bcryptPrimitives.dll
0x00007ffcfc800000 - 0x00007ffcfc825000 	C:\Program Files\Java\jdk-17.0.5\bin\java.dll

dbghelp: loaded successfully - version: 4.0.5 - missing functions: none
symbol engine: initialized successfully - sym options: 0x614 - pdb path: .;C:\Program Files\Java\jdk-17.0.5\bin;C:\WINDOWS\SYSTEM32;C:\WINDOWS\WinSxS\amd64_microsoft.windows.common-controls_6595b64144ccf1df_6.0.19041.1110_none_60b5254171f9507e;C:\Program Files\Java\jdk-17.0.5\bin\server

VM Arguments:
jvm_args: -Dfile.encoding=UTF-8 -XX:+ShowCodeDetailsInExceptionMessages 
java_command: com.springboot.CRUD.CrudApplication
java_class_path (initial): C:\Users\RoshanKumar\Desktop\Java-Developer\CRUD\CRUD\target\classes;C:\Users\RoshanKumar\.m2\repository\commons-io\commons-io\2.8.0\commons-io-2.8.0.jar;C:\Users\RoshanKumar\.m2\repository\org\springframework\boot\spring-boot-starter-data-mongodb\3.0.4\spring-boot-starter-data-mongodb-3.0.4.jar;C:\Users\RoshanKumar\.m2\repository\org\springframework\boot\spring-boot-starter\3.0.4\spring-boot-starter-3.0.4.jar;C:\Users\RoshanKumar\.m2\repository\org\springframework\boot\spring-boot-starter-logging\3.0.4\spring-boot-starter-logging-3.0.4.jar;C:\Users\RoshanKumar\.m2\repository\ch\qos\logback\logback-classic\1.4.5\logback-classic-1.4.5.jar;C:\Users\RoshanKumar\.m2\repository\ch\qos\logback\logback-core\1.4.5\logback-core-1.4.5.jar;C:\Users\RoshanKumar\.m2\repository\org\apache\logging\log4j\log4j-to-slf4j\2.19.0\log4j-to-slf4j-2.19.0.jar;C:\Users\RoshanKumar\.m2\repository\org\slf4j\jul-to-slf4j\2.0.6\jul-to-slf4j-2.0.6.jar;C:\Users\RoshanKumar\.m2\repository\jakarta\annotation\jakarta.annotation-api\2.1.1\jakarta.annotation-api-2.1.1.jar;C:\Users\RoshanKumar\.m2\repository\org\yaml\snakeyaml\1.33\snakeyaml-1.33.jar;C:\Users\RoshanKumar\.m2\repository\org\mongodb\mongodb-driver-sync\4.8.2\mongodb-driver-sync-4.8.2.jar;C:\Users\RoshanKumar\.m2\repository\org\mongodb\bson\4.8.2\bson-4.8.2.jar;C:\Users\RoshanKumar\.m2\repository\org\mongodb\mongodb-driver-core\4.8.2\mongodb-driver-core-4.8.2.jar;C:\Users\RoshanKumar\.m2\repository\org\mongodb\bson-record-codec\4.8.2\bson-record-codec-4.8.2.jar;C:\Users\RoshanKumar\.m2\repository\org\springframework\data\spring-data-mongodb\4.0.3\spring-data-mongodb-4.0.3.jar;C:\Users\RoshanKumar\.m2\repository\org\springframework\spring-tx\6.0.6\spring-tx-6.0.6.jar;C:\Users\RoshanKumar\.m2\repository\org\springframework\spring-context\6.0.6\spring-context-6.0.6.jar;C:\Users\RoshanKumar\.m2\repository\org\springframework\spring-beans\6.0.6\spring-beans-6.0.6.jar;C:\Users\RoshanKumar\.m2\repository\org\springfr
Launcher Type: SUN_STANDARD

[Global flags]
     intx CICompilerCount                          = 3                                         {product} {ergonomic}
     uint ConcGCThreads                            = 2                                         {product} {ergonomic}
     uint G1ConcRefinementThreads                  = 6                                         {product} {ergonomic}
   size_t G1HeapRegionSize                         = 2097152                                   {product} {ergonomic}
    uintx GCDrainStackTargetSize                   = 64                                        {product} {ergonomic}
   size_t InitialHeapSize                          = 199229440                                 {product} {ergonomic}
   size_t MarkStackSize                            = 4194304                                   {product} {ergonomic}
   size_t MaxHeapSize                              = 3168796672                                {product} {ergonomic}
   size_t MinHeapDeltaBytes                        = 2097152                                   {product} {ergonomic}
   size_t MinHeapSize                              = 8388608                                   {product} {ergonomic}
    uintx NonNMethodCodeHeapSize                   = 5832780                                {pd product} {ergonomic}
    uintx NonProfiledCodeHeapSize                  = 122912730                              {pd product} {ergonomic}
    uintx ProfiledCodeHeapSize                     = 122912730                              {pd product} {ergonomic}
    uintx ReservedCodeCacheSize                    = 251658240                              {pd product} {ergonomic}
     bool SegmentedCodeCache                       = true                                      {product} {ergonomic}
     bool ShowCodeDetailsInExceptionMessages       = true                                   {manageable} {command line}
   size_t SoftMaxHeapSize                          = 3168796672                             {manageable} {ergonomic}
     bool UseCompressedClassPointers               = true                           {product lp64_product} {ergonomic}
     bool UseCompressedOops                        = true                           {product lp64_product} {ergonomic}
     bool UseG1GC                                  = true                                      {product} {ergonomic}
     bool UseLargePagesIndividualAllocation        = false                                  {pd product} {ergonomic}

Logging:
Log output configuration:
 #0: stdout all=warning uptime,level,tags
 #1: stderr all=off uptime,level,tags

Environment Variables:
JAVA_HOME=C:\Program Files\Java\jdk-17.0.5
PATH=C:\Program Files\Common Files\Oracle\Java\javapath;C:\WINDOWS\system32;C:\WINDOWS;C:\WINDOWS\System32\Wbem;C:\WINDOWS\System32\WindowsPowerShell\v1.0\;C:\WINDOWS\System32\OpenSSH\;C:\Program Files\Java\jdk-17.0.5;C:\Program Files\MongoDB\Server\6.0\bin;C:\Program Files\nodejs\;C:\Users\RoshanKumar\AppData\Local\Microsoft\WindowsApps;C:\Frontend\Microsoft VS Code\bin;C:\Users\RoshanKumar\Downloads\apache-maven-3.9.0-bin\apache-maven-3.9.0\bin;C:\Users\RoshanKumar\AppData\Roaming\npm
USERNAME=RoshanKumar
OS=Windows_NT
PROCESSOR_IDENTIFIER=Intel64 Family 6 Model 158 Stepping 10, GenuineIntel



---------------  S Y S T E M  ---------------

OS:
 Windows 10 , 64 bit Build 19041 (10.0.19041.2788)
OS uptime: 7 days 3:23 hours

CPU: total 6 (initial active 6) (6 cores per cpu, 1 threads per core) family 6 model 158 stepping 10 microcode 0xb4, cx8, cmov, fxsr, mmx, 3dnowpref, sse, sse2, sse3, ssse3, sse4.1, sse4.2, popcnt, lzcnt, tsc, tscinvbit, avx, avx2, aes, erms, clmul, bmi1, bmi2, rtm, adx, fma, vzeroupper, clflush, clflushopt

Memory: 4k page, system-wide physical 12084M (1388M free)
TotalPageFile size 26313M (AvailPageFile size 178M)
current process WorkingSet (physical memory assigned to process): 10M, peak: 10M
current process commit charge ("private bytes"): 56M, peak: 246M

vm_info: Java HotSpot(TM) 64-Bit Server VM (17.0.5+9-LTS-191) for windows-amd64 JRE (17.0.5+9-LTS-191), built on Sep 13 2022 17:31:43 by "mach5one" with MS VC++ 16.8 / 16.9 (VS2019)

END.
